# JRE version: OpenJDK Runtime Environment Temurin-17.0.10+7 (17.0.10+7) (build 17.0.10+7)
# Java VM: OpenJDK 64-Bit Server VM Temurin-17.0.10+7 (17.0.10+7, mixed mode, emulated-client, tiered, compressed oops, compressed class ptrs, g1 gc, windows-amd64)
GC Precious Log:
 CPUs: 4 total, 4 available
 Memory: 3984M
 Large Page Support: Disabled
 NUMA Support: Disabled
 Compressed Oops: Enabled (32-bit)
 Heap Region Size: 1M
 Heap Min Capacity: 8M
 Heap Initial Capacity: 64M
 Heap Max Capacity: 1G
 Pre-touch: Disabled
 Parallel Workers: 4
 Concurrent Workers: 1
 Concurrent Refinement Workers: 4
 Periodic GC: Disabled
Heap:
 garbage-first heap   total 65536K, used 23968K [0x00000000c0000000, 0x0000000100000000)
  region size 1024K, 1 young (1024K), 0 survivors (0K)
 Metaspace       used 38651K, committed 39232K, reserved 1114112K
  class space    used 5087K, committed 5312K, reserved 1048576K
GC Heap History (20 events):
Event: 20.453 GC heap before
{Heap before GC invocations=8 (full 0):
 garbage-first heap   total 65536K, used 46195K [0x00000000c0000000, 0x0000000100000000)
  region size 1024K, 26 young (26624K), 4 survivors (4096K)
 Metaspace       used 32560K, committed 32960K, reserved 1114112K
  class space    used 4131K, committed 4352K, reserved 1048576K
}
Event: 20.471 GC heap after
{Heap after GC invocations=9 (full 0):
 garbage-first heap   total 65536K, used 26816K [0x00000000c0000000, 0x0000000100000000)
  region size 1024K, 4 young (4096K), 4 survivors (4096K)
 Metaspace       used 32560K, committed 32960K, reserved 1114112K
  class space    used 4131K, committed 4352K, reserved 1048576K
}
Event: 23.466 GC heap before
{Heap before GC invocations=9 (full 0):
 garbage-first heap   total 65536K, used 43200K [0x00000000c0000000, 0x0000000100000000)
  region size 1024K, 21 young (21504K), 4 survivors (4096K)
 Metaspace       used 35678K, committed 36096K, reserved 1114112K
  class space    used 4590K, committed 4800K, reserved 1048576K
}
Event: 23.481 GC heap after
{Heap after GC invocations=10 (full 0):
 garbage-first heap   total 65536K, used 28407K [0x00000000c0000000, 0x0000000100000000)
  region size 1024K, 2 young (2048K), 2 survivors (2048K)
 Metaspace       used 35678K, committed 36096K, reserved 1114112K
  class space    used 4590K, committed 4800K, reserved 1048576K
}
Event: 65.116 GC heap before
{Heap before GC invocations=11 (full 0):
 garbage-first heap   total 65536K, used 47863K [0x00000000c0000000, 0x0000000100000000)
  region size 1024K, 22 young (22528K), 2 survivors (2048K)
 Metaspace       used 38803K, committed 39232K, reserved 1114112K
  class space    used 5125K, committed 5312K, reserved 1048576K
}
Event: 65.232 GC heap after
{Heap after GC invocations=12 (full 1):
 garbage-first heap   total 65536K, used 27585K [0x00000000c0000000, 0x0000000100000000)
  region size 1024K, 0 young (0K), 0 survivors (0K)
 Metaspace       used 38803K, committed 39232K, reserved 1114112K
  class space    used 5125K, committed 5312K, reserved 1048576K
}
Event: 75.806 GC heap before
{Heap before GC invocations=12 (full 1):
 garbage-first heap   total 65536K, used 27585K [0x00000000c0000000, 0x0000000100000000)
  region size 1024K, 1 young (1024K), 0 survivors (0K)
 Metaspace       used 38803K, committed 39232K, reserved 1114112K
  class space    used 5125K, committed 5312K, reserved 1048576K
}
Event: 75.999 GC heap after
{Heap after GC invocations=13 (full 2):
 garbage-first heap   total 65536K, used 23968K [0x00000000c0000000, 0x0000000100000000)
  region size 1024K, 0 young (0K), 0 survivors (0K)
 Metaspace       used 38651K, committed 39232K, reserved 1114112K
  class space    used 5087K, committed 5312K, reserved 1048576K
}
Event: 87.264 GC heap before
{Heap before GC invocations=13 (full 2):
 garbage-first heap   total 65536K, used 23968K [0x00000000c0000000, 0x0000000100000000)
  region size 1024K, 1 young (1024K), 0 survivors (0K)
 Metaspace       used 38651K, committed 39232K, reserved 1114112K
  class space    used 5087K, committed 5312K, reserved 1048576K
}
Event: 87.298 GC heap after
{Heap after GC invocations=14 (full 3):
 garbage-first heap   total 65536K, used 23968K [0x00000000c0000000, 0x0000000100000000)
  region size 1024K, 0 young (0K), 0 survivors (0K)
 Metaspace       used 38651K, committed 39232K, reserved 1114112K
  class space    used 5087K, committed 5312K, reserved 1048576K
}
Event: 101.147 GC heap before
{Heap before GC invocations=14 (full 3):
 garbage-first heap   total 65536K, used 23968K [0x00000000c0000000, 0x0000000100000000)
  region size 1024K, 1 young (1024K), 0 survivors (0K)
 Metaspace       used 38651K, committed 39232K, reserved 1114112K
  class space    used 5087K, committed 5312K, reserved 1048576K
}
Event: 101.182 GC heap after
{Heap after GC invocations=15 (full 4):
 garbage-first heap   total 65536K, used 23968K [0x00000000c0000000, 0x0000000100000000)
  region size 1024K, 0 young (0K), 0 survivors (0K)
 Metaspace       used 38651K, committed 39232K, reserved 1114112K
  class space    used 5087K, committed 5312K, reserved 1048576K
}
Event: 112.425 GC heap before
{Heap before GC invocations=15 (full 4):
 garbage-first heap   total 65536K, used 23968K [0x00000000c0000000, 0x0000000100000000)
  region size 1024K, 1 young (1024K), 0 survivors (0K)
 Metaspace       used 38651K, committed 39232K, reserved 1114112K
  class space    used 5087K, committed 5312K, reserved 1048576K
}
Event: 112.465 GC heap after
{Heap after GC invocations=16 (full 5):
 garbage-first heap   total 65536K, used 23968K [0x00000000c0000000, 0x0000000100000000)
  region size 1024K, 0 young (0K), 0 survivors (0K)
 Metaspace       used 38651K, committed 39232K, reserved 1114112K
  class space    used 5087K, committed 5312K, reserved 1048576K
}
Event: 123.404 GC heap before
{Heap before GC invocations=16 (full 5):
 garbage-first heap   total 65536K, used 23968K [0x00000000c0000000, 0x0000000100000000)
  region size 1024K, 1 young (1024K), 0 survivors (0K)
 Metaspace       used 38651K, committed 39232K, reserved 1114112K
  class space    used 5087K, committed 5312K, reserved 1048576K
}
Event: 123.439 GC heap after
{Heap after GC invocations=17 (full 6):
 garbage-first heap   total 65536K, used 23968K [0x00000000c0000000, 0x0000000100000000)
  region size 1024K, 0 young (0K), 0 survivors (0K)
 Metaspace       used 38651K, committed 39232K, reserved 1114112K
  class space    used 5087K, committed 5312K, reserved 1048576K
}
Event: 134.932 GC heap before
{Heap before GC invocations=17 (full 6):
 garbage-first heap   total 65536K, used 23968K [0x00000000c0000000, 0x0000000100000000)
  region size 1024K, 1 young (1024K), 0 survivors (0K)
 Metaspace       used 38651K, committed 39232K, reserved 1114112K
  class space    used 5087K, committed 5312K, reserved 1048576K
}
Event: 134.966 GC heap after
{Heap after GC invocations=18 (full 7):
 garbage-first heap   total 65536K, used 23968K [0x00000000c0000000, 0x0000000100000000)
  region size 1024K, 0 young (0K), 0 survivors (0K)
 Metaspace       used 38651K, committed 39232K, reserved 1114112K
  class space    used 5087K, committed 5312K, reserved 1048576K
}
Event: 146.702 GC heap before
{Heap before GC invocations=18 (full 7):
 garbage-first heap   total 65536K, used 23968K [0x00000000c0000000, 0x0000000100000000)
  region size 1024K, 1 young (1024K), 0 survivors (0K)
 Metaspace       used 38651K, committed 39232K, reserved 1114112K
  class space    used 5087K, committed 5312K, reserved 1048576K
}
Event: 146.740 GC heap after
{Heap after GC invocations=19 (full 8):
 garbage-first heap   total 65536K, used 23968K [0x00000000c0000000, 0x0000000100000000)
  region size 1024K, 0 young (0K), 0 survivors (0K)
 Metaspace       used 38651K, committed 39232K, reserved 1114112K
  class space    used 5087K, committed 5312K, reserved 1048576K
}

